<html>
<head>
<title>TestNG:  Qualidex Report</title>
<link href="../testng.css" rel="stylesheet" type="text/css" />
<link href="../my-testng.css" rel="stylesheet" type="text/css" />

<style type="text/css">
.log { display: none;} 
.stack-trace { display: none;} 
</style>
<script type="text/javascript">
<!--
function flip(e) {
  current = e.style.display;
  if (current == 'block') {
    e.style.display = 'none';
    return 0;
  }
  else {
    e.style.display = 'block';
    return 1;
  }
}

function toggleBox(szDivId, elem, msg1, msg2)
{
  var res = -1;  if (document.getElementById) {
    res = flip(document.getElementById(szDivId));
  }
  else if (document.all) {
    // this is the way old msie versions work
    res = flip(document.all[szDivId]);
  }
  if(elem) {
    if(res == 0) elem.innerHTML = msg1; else elem.innerHTML = msg2;
  }

}

function toggleAllBoxes() {
  if (document.getElementsByTagName) {
    d = document.getElementsByTagName('div');
    for (i = 0; i < d.length; i++) {
      if (d[i].className == 'log') {
        flip(d[i]);
      }
    }
  }
}

// -->
</script>

</head>
<body>
<h2 align='center'>Qualidex Report</h2><table border='1' align="center">
<tr>
<td>Tests passed/Failed/Skipped:</td><td>0/1/0</td>
</tr><tr>
<td>Started on:</td><td>Fri Jul 22 13:37:27 IST 2022</td>
</tr>
<tr><td>Total time:</td><td>22 seconds (22997 ms)</td>
</tr><tr>
<td>Included groups:</td><td></td>
</tr><tr>
<td>Excluded groups:</td><td></td>
</tr>
</table><p/>
<small><i>(Hover the method name to see the test class name)</i></small><p/>
<table width='100%' border='1' class='invocation-failed'>
<tr><td colspan='4' align='center'><b>FAILED TESTS</b></td></tr>
<tr><td><b>Test method</b></td>
<td width="30%"><b>Exception</b></td>
<td width="10%"><b>Time (seconds)</b></td>
<td><b>Instance</b></td>
</tr>
<tr>
<td title='com.QualitestPortalPDFCompare.UnitTests.DataCompareTest()'><b>DataCompareTest</b><br>Test class: com.QualitestPortalPDFCompare.UnitTests<br/>
<a href="#Output-1027319653" onClick='toggleBox("Output-1027319653", this, "Show output", "Hide output");'>Show output</a>

<a href="#Output-1027319653" onClick="toggleAllBoxes();">Show all outputs</a>
<div class='log' id="Output-1027319653">
Load PDF content from First file C:\SamplePdfs\56-5013692_Brief_per_EMail_sID90016.pdf<br/>
Loaded PDF content from First file C:\SamplePdfs\56-5013692_Brief_per_EMail_sID90016.pdf Successfully<br/>
Load PDF content from Second file C:\SamplePdfs\56-5013694_Brief_per_EMail_sID90019.pdf<br/>
Loaded PDF content from Second file C:\SamplePdfs\56-5013694_Brief_per_EMail_sID90019.pdf Successfully<br/>
Verify number of pages, Pages in Base file : 6, Pages in reference file : 6<br/>
Verified!! Number of pages are same<br/>
Compare PDF text content <br/>
Assertion Failed due to java.lang.AssertionError: expected [true] but found [false]<br/>
<a href='C:\Users\pavan.t\eclipse-workspace\qualidex\target\surefire-reports\failure_screenshots\failure_screenshots\DataCompareTest_22_07_2022_01_37_28.png'> <img src='C:\Users\pavan.t\eclipse-workspace\qualidex\target\surefire-reports\failure_screenshots\failure_screenshots\DataCompareTest_22_07_2022_01_37_28.png' height='100' width='100'/> </a><br/>
Compared PDF text content <br/>
Compare pdf files after converting into images <br/>
Assertion Failed due to java.lang.AssertionError: PDF data differs with 0.21% & for reference <a href=C:\Users\pavan.t\eclipse-workspace\qualidex\Extract_Images\56-5013692_Brief_per_EMail_sID90016_56-5013694_Brief_per_EMail_sID900191.png>link</a> expected [true] but found [false]<br/>
<a href='C:\Users\pavan.t\eclipse-workspace\qualidex\target\surefire-reports\failure_screenshots\failure_screenshots\DataCompareTest_22_07_2022_01_37_50.png'> <img src='C:\Users\pavan.t\eclipse-workspace\qualidex\target\surefire-reports\failure_screenshots\failure_screenshots\DataCompareTest_22_07_2022_01_37_50.png' height='100' width='100'/> </a><br/>
Compared extracted image with reference image successfully <br/>
<a href='C:\Users\pavan.t\eclipse-workspace\qualidex\target\surefire-reports\failure_screenshots\failure_screenshots\DataCompareTest_22_07_2022_01_37_50.png'> <img src='C:\Users\pavan.t\eclipse-workspace\qualidex\target\surefire-reports\failure_screenshots\failure_screenshots\DataCompareTest_22_07_2022_01_37_50.png' height='100' width='100'/> </a><br/>
</div>
</td>
<td><div><pre>java.lang.AssertionError: Test case failed due to Multiple Assertion failures
	expected [true] but found [false],
	PDF data differs with 0.21% &amp; for reference &lt;a href=C:\Users\pavan.t\eclipse-workspace\qualidex\Extract_Images\56-5013692_Brief_per_EMail_sID90016_56-5013694_Brief_per_EMail_sID900191.png&gt;link&lt;/a&gt; expected [true] but found [false]
	at com.qualitestgroup.data_extract_demo.damoregroup.Softassert.assertAll(Softassert.java:55)
	at com.QualitestPortalPDFCompare.UnitTests.DataCompareTest(UnitTests.java:270)
	at java.base/jdk.internal.reflect.NativeMethodAccessorImpl.invoke0(Native Method)
	at java.base/jdk.internal.reflect.NativeMethodAccessorImpl.invoke(NativeMethodAccessorImpl.java:62)
	at java.base/jdk.internal.reflect.DelegatingMethodAccessorImpl.invoke(DelegatingMethodAccessorImpl.java:43)
	at java.base/java.lang.reflect.Method.invoke(Method.java:566)
	at org.testng.internal.MethodInvocationHelper.invokeMethod(MethodInvocationHelper.java:124)
	at org.testng.internal.Invoker.invokeMethod(Invoker.java:583)
	at org.testng.internal.Invoker.invokeTestMethod(Invoker.java:719)
	at org.testng.internal.Invoker.invokeTestMethods(Invoker.java:989)
	at org.testng.internal.TestMethodWorker.invokeTestMethods(TestMethodWorker.java:125)
	at org.testng.internal.TestMethodWorker.run(TestMethodWorker.java:109)
	at org.testng.TestRunner.privateRun(TestRunner.java:648)
	at org.testng.TestRunner.run(TestRunner.java:505)
	at org.testng.SuiteRunner.runTest(SuiteRunner.java:455)
	at org.testng.SuiteRunner.runSequentially(SuiteRunner.java:450)
	at org.testng.SuiteRunner.privateRun(SuiteRunner.java:415)
	at org.testng.SuiteRunner.run(SuiteRunner.java:364)
	at org.testng.SuiteRunnerWorker.runSuite(SuiteRunnerWorker.java:52)
	at org.testng.SuiteRunnerWorker.run(SuiteRunnerWorker.java:84)
	at org.testng.TestNG.runSuitesSequentially(TestNG.java:1208)
	at org.testng.TestNG.runSuitesLocally(TestNG.java:1137)
	at org.testng.TestNG.runSuites(TestNG.java:1049)
	at org.testng.TestNG.run(TestNG.java:1017)
	at org.testng.remote.AbstractRemoteTestNG.run(AbstractRemoteTestNG.java:115)
	at org.testng.remote.RemoteTestNG.initAndRun(RemoteTestNG.java:251)
	at org.testng.remote.RemoteTestNG.main(RemoteTestNG.java:77)
</pre></div><a href='#' onClick='toggleBox("stack-trace1027319653", this, "Click to show all stack frames", "Click to hide stack frames")'>Click to show all stack frames</a>
<div class='stack-trace' id='stack-trace1027319653'><pre>java.lang.AssertionError: Test case failed due to Multiple Assertion failures
	expected [true] but found [false],
	PDF data differs with 0.21% &amp; for reference &lt;a href=C:\Users\pavan.t\eclipse-workspace\qualidex\Extract_Images\56-5013692_Brief_per_EMail_sID90016_56-5013694_Brief_per_EMail_sID900191.png&gt;link&lt;/a&gt; expected [true] but found [false]
	at com.qualitestgroup.data_extract_demo.damoregroup.Softassert.assertAll(Softassert.java:55)
	at com.QualitestPortalPDFCompare.UnitTests.DataCompareTest(UnitTests.java:270)
	at java.base/jdk.internal.reflect.NativeMethodAccessorImpl.invoke0(Native Method)
	at java.base/jdk.internal.reflect.NativeMethodAccessorImpl.invoke(NativeMethodAccessorImpl.java:62)
	at java.base/jdk.internal.reflect.DelegatingMethodAccessorImpl.invoke(DelegatingMethodAccessorImpl.java:43)
	at java.base/java.lang.reflect.Method.invoke(Method.java:566)
	at org.testng.internal.MethodInvocationHelper.invokeMethod(MethodInvocationHelper.java:124)
	at org.testng.internal.Invoker.invokeMethod(Invoker.java:583)
	at org.testng.internal.Invoker.invokeTestMethod(Invoker.java:719)
	at org.testng.internal.Invoker.invokeTestMethods(Invoker.java:989)
	at org.testng.internal.TestMethodWorker.invokeTestMethods(TestMethodWorker.java:125)
	at org.testng.internal.TestMethodWorker.run(TestMethodWorker.java:109)
	at org.testng.TestRunner.privateRun(TestRunner.java:648)
	at org.testng.TestRunner.run(TestRunner.java:505)
	at org.testng.SuiteRunner.runTest(SuiteRunner.java:455)
	at org.testng.SuiteRunner.runSequentially(SuiteRunner.java:450)
	at org.testng.SuiteRunner.privateRun(SuiteRunner.java:415)
	at org.testng.SuiteRunner.run(SuiteRunner.java:364)
	at org.testng.SuiteRunnerWorker.runSuite(SuiteRunnerWorker.java:52)
	at org.testng.SuiteRunnerWorker.run(SuiteRunnerWorker.java:84)
	at org.testng.TestNG.runSuitesSequentially(TestNG.java:1208)
	at org.testng.TestNG.runSuitesLocally(TestNG.java:1137)
	at org.testng.TestNG.runSuites(TestNG.java:1049)
	at org.testng.TestNG.run(TestNG.java:1017)
	at org.testng.remote.AbstractRemoteTestNG.run(AbstractRemoteTestNG.java:115)
	at org.testng.remote.RemoteTestNG.initAndRun(RemoteTestNG.java:251)
	at org.testng.remote.RemoteTestNG.main(RemoteTestNG.java:77)
</pre></div></td>
<td>22</td>
<td>com.QualitestPortalPDFCompare.UnitTests@7c24b813</td></tr>
</table><p>
</body>
</html>