<?xml version="1.0" encoding="UTF-8"?>
<testng-results ignored="1" total="2" passed="0" failed="1" skipped="0">
  <reporter-output>
    <line>
      <![CDATA[Load PDF content from First file C:\SamplePdfs\56-5013692_Brief_per_EMail_sID90016.pdf]]>
    </line>
    <line>
      <![CDATA[Loaded PDF content from First file C:\SamplePdfs\56-5013692_Brief_per_EMail_sID90016.pdf Successfully]]>
    </line>
    <line>
      <![CDATA[Load PDF content from Second file C:\SamplePdfs\56-5013694_Brief_per_EMail_sID90019.pdf]]>
    </line>
    <line>
      <![CDATA[Loaded PDF content from Second file C:\SamplePdfs\56-5013694_Brief_per_EMail_sID90019.pdf Successfully]]>
    </line>
    <line>
      <![CDATA[Verify number of pages, Pages in Base file : 6, Pages in reference file : 6]]>
    </line>
    <line>
      <![CDATA[Verified!! Number of pages are same]]>
    </line>
    <line>
      <![CDATA[Compare PDF text content ]]>
    </line>
    <line>
      <![CDATA[Assertion Failed due to java.lang.AssertionError: expected [true] but found [false]]]>
    </line>
    <line>
      <![CDATA[<a href='C:\Users\pavan.t\eclipse-workspace\qualidex\target\surefire-reports\failure_screenshots\failure_screenshots\DataCompareTest_22_07_2022_01_37_28.png'> <img src='C:\Users\pavan.t\eclipse-workspace\qualidex\target\surefire-reports\failure_screenshots\failure_screenshots\DataCompareTest_22_07_2022_01_37_28.png' height='100' width='100'/> </a>]]>
    </line>
    <line>
      <![CDATA[Compared PDF text content ]]>
    </line>
    <line>
      <![CDATA[Compare pdf files after converting into images ]]>
    </line>
    <line>
      <![CDATA[Assertion Failed due to java.lang.AssertionError: PDF data differs with 0.21% & for reference <a href=C:\Users\pavan.t\eclipse-workspace\qualidex\Extract_Images\56-5013692_Brief_per_EMail_sID90016_56-5013694_Brief_per_EMail_sID900191.png>link</a> expected [true] but found [false]]]>
    </line>
    <line>
      <![CDATA[<a href='C:\Users\pavan.t\eclipse-workspace\qualidex\target\surefire-reports\failure_screenshots\failure_screenshots\DataCompareTest_22_07_2022_01_37_50.png'> <img src='C:\Users\pavan.t\eclipse-workspace\qualidex\target\surefire-reports\failure_screenshots\failure_screenshots\DataCompareTest_22_07_2022_01_37_50.png' height='100' width='100'/> </a>]]>
    </line>
    <line>
      <![CDATA[Compared extracted image with reference image successfully ]]>
    </line>
    <line>
      <![CDATA[<a href='C:\Users\pavan.t\eclipse-workspace\qualidex\target\surefire-reports\failure_screenshots\failure_screenshots\DataCompareTest_22_07_2022_01_37_50.png'> <img src='C:\Users\pavan.t\eclipse-workspace\qualidex\target\surefire-reports\failure_screenshots\failure_screenshots\DataCompareTest_22_07_2022_01_37_50.png' height='100' width='100'/> </a>]]>
    </line>
  </reporter-output>
  <suite started-at="2022-07-22T08:07:27Z" name="Qualidex" finished-at="2022-07-22T08:07:50Z" duration-ms="22997">
    <groups>
    </groups>
    <test started-at="2022-07-22T08:07:27Z" name="Qualidex Report" finished-at="2022-07-22T08:07:50Z" duration-ms="22997">
      <class name="com.QualitestPortalPDFCompare.UnitTests">
        <test-method is-config="true" signature="setup()[pri:0, instance:com.QualitestPortalPDFCompare.UnitTests@7c24b813]" started-at="2022-07-22T08:07:27Z" name="setup" finished-at="2022-07-22T08:07:27Z" duration-ms="74" status="PASS">
          <reporter-output>
          </reporter-output>
        </test-method> <!-- setup -->
        <test-method signature="DataCompareTest()[pri:0, instance:com.QualitestPortalPDFCompare.UnitTests@7c24b813]" started-at="2022-07-22T08:07:27Z" name="DataCompareTest" finished-at="2022-07-22T08:07:50Z" duration-ms="22889" status="FAIL">
          <exception class="java.lang.AssertionError">
            <message>
              <![CDATA[Test case failed due to Multiple Assertion failures
expected [true] but found [false],
PDF data differs with 0.21% & for reference <a href=C:\Users\pavan.t\eclipse-workspace\qualidex\Extract_Images\56-5013692_Brief_per_EMail_sID90016_56-5013694_Brief_per_EMail_sID900191.png>link</a> expected [true] but found [false]]]>
            </message>
            <full-stacktrace>
              <![CDATA[java.lang.AssertionError: Test case failed due to Multiple Assertion failures
expected [true] but found [false],
PDF data differs with 0.21% & for reference <a href=C:\Users\pavan.t\eclipse-workspace\qualidex\Extract_Images\56-5013692_Brief_per_EMail_sID90016_56-5013694_Brief_per_EMail_sID900191.png>link</a> expected [true] but found [false]
at com.qualitestgroup.data_extract_demo.damoregroup.Softassert.assertAll(Softassert.java:55)
at com.QualitestPortalPDFCompare.UnitTests.DataCompareTest(UnitTests.java:270)
at java.base/jdk.internal.reflect.NativeMethodAccessorImpl.invoke0(Native Method)
at java.base/jdk.internal.reflect.NativeMethodAccessorImpl.invoke(NativeMethodAccessorImpl.java:62)
at java.base/jdk.internal.reflect.DelegatingMethodAccessorImpl.invoke(DelegatingMethodAccessorImpl.java:43)
at java.base/java.lang.reflect.Method.invoke(Method.java:566)
at org.testng.internal.MethodInvocationHelper.invokeMethod(MethodInvocationHelper.java:124)
at org.testng.internal.Invoker.invokeMethod(Invoker.java:583)
at org.testng.internal.Invoker.invokeTestMethod(Invoker.java:719)
at org.testng.internal.Invoker.invokeTestMethods(Invoker.java:989)
at org.testng.internal.TestMethodWorker.invokeTestMethods(TestMethodWorker.java:125)
at org.testng.internal.TestMethodWorker.run(TestMethodWorker.java:109)
at org.testng.TestRunner.privateRun(TestRunner.java:648)
at org.testng.TestRunner.run(TestRunner.java:505)
at org.testng.SuiteRunner.runTest(SuiteRunner.java:455)
at org.testng.SuiteRunner.runSequentially(SuiteRunner.java:450)
at org.testng.SuiteRunner.privateRun(SuiteRunner.java:415)
at org.testng.SuiteRunner.run(SuiteRunner.java:364)
at org.testng.SuiteRunnerWorker.runSuite(SuiteRunnerWorker.java:52)
at org.testng.SuiteRunnerWorker.run(SuiteRunnerWorker.java:84)
at org.testng.TestNG.runSuitesSequentially(TestNG.java:1208)
at org.testng.TestNG.runSuitesLocally(TestNG.java:1137)
at org.testng.TestNG.runSuites(TestNG.java:1049)
at org.testng.TestNG.run(TestNG.java:1017)
at org.testng.remote.AbstractRemoteTestNG.run(AbstractRemoteTestNG.java:115)
at org.testng.remote.RemoteTestNG.initAndRun(RemoteTestNG.java:251)
at org.testng.remote.RemoteTestNG.main(RemoteTestNG.java:77)
]]>
            </full-stacktrace>
          </exception> <!-- java.lang.AssertionError -->
          <reporter-output>
            <line>
              <![CDATA[Load PDF content from First file C:\SamplePdfs\56-5013692_Brief_per_EMail_sID90016.pdf]]>
            </line>
            <line>
              <![CDATA[Loaded PDF content from First file C:\SamplePdfs\56-5013692_Brief_per_EMail_sID90016.pdf Successfully]]>
            </line>
            <line>
              <![CDATA[Load PDF content from Second file C:\SamplePdfs\56-5013694_Brief_per_EMail_sID90019.pdf]]>
            </line>
            <line>
              <![CDATA[Loaded PDF content from Second file C:\SamplePdfs\56-5013694_Brief_per_EMail_sID90019.pdf Successfully]]>
            </line>
            <line>
              <![CDATA[Verify number of pages, Pages in Base file : 6, Pages in reference file : 6]]>
            </line>
            <line>
              <![CDATA[Verified!! Number of pages are same]]>
            </line>
            <line>
              <![CDATA[Compare PDF text content ]]>
            </line>
            <line>
              <![CDATA[Assertion Failed due to java.lang.AssertionError: expected [true] but found [false]]]>
            </line>
            <line>
              <![CDATA[<a href='C:\Users\pavan.t\eclipse-workspace\qualidex\target\surefire-reports\failure_screenshots\failure_screenshots\DataCompareTest_22_07_2022_01_37_28.png'> <img src='C:\Users\pavan.t\eclipse-workspace\qualidex\target\surefire-reports\failure_screenshots\failure_screenshots\DataCompareTest_22_07_2022_01_37_28.png' height='100' width='100'/> </a>]]>
            </line>
            <line>
              <![CDATA[Compared PDF text content ]]>
            </line>
            <line>
              <![CDATA[Compare pdf files after converting into images ]]>
            </line>
            <line>
              <![CDATA[Assertion Failed due to java.lang.AssertionError: PDF data differs with 0.21% & for reference <a href=C:\Users\pavan.t\eclipse-workspace\qualidex\Extract_Images\56-5013692_Brief_per_EMail_sID90016_56-5013694_Brief_per_EMail_sID900191.png>link</a> expected [true] but found [false]]]>
            </line>
            <line>
              <![CDATA[<a href='C:\Users\pavan.t\eclipse-workspace\qualidex\target\surefire-reports\failure_screenshots\failure_screenshots\DataCompareTest_22_07_2022_01_37_50.png'> <img src='C:\Users\pavan.t\eclipse-workspace\qualidex\target\surefire-reports\failure_screenshots\failure_screenshots\DataCompareTest_22_07_2022_01_37_50.png' height='100' width='100'/> </a>]]>
            </line>
            <line>
              <![CDATA[Compared extracted image with reference image successfully ]]>
            </line>
            <line>
              <![CDATA[<a href='C:\Users\pavan.t\eclipse-workspace\qualidex\target\surefire-reports\failure_screenshots\failure_screenshots\DataCompareTest_22_07_2022_01_37_50.png'> <img src='C:\Users\pavan.t\eclipse-workspace\qualidex\target\surefire-reports\failure_screenshots\failure_screenshots\DataCompareTest_22_07_2022_01_37_50.png' height='100' width='100'/> </a>]]>
            </line>
          </reporter-output>
        </test-method> <!-- DataCompareTest -->
      </class> <!-- com.QualitestPortalPDFCompare.UnitTests -->
    </test> <!-- Qualidex Report -->
  </suite> <!-- Qualidex -->
</testng-results>
