<?xml version="1.0" encoding="UTF-8"?>
<!-- Generated by org.testng.reporters.JUnitReportReporter -->
<testsuite hostname="QT-INBG-LT0912" failures="1" tests="2" name="com.qualitestgroup.qualidexexcelutility.UnitTest" time="4.861" errors="0" timestamp="2022-03-11T14:41:39 IST" skipped="0">
  <testcase classname="com.qualitestgroup.qualidexexcelutility.UnitTest" name="qualidexLibraryTest1" time="2.980"/>
  <system-out>
    <![CDATA[Set PDF and extract content
PDF contentent extracted successfully
Set Excel location
Excel location has been set and start finding excel data in PDF
Validation text is : Header
match found
Validation text is : Footer
match found
Validation text is : Header
match found
Validation text is : Mister
Assertion Failed due to java.lang.AssertionError: match not found expected [true] but found [false]
<a href='C:\Users\pavan.kumar\eclipse-workspace-2\QualidexLibrary2\qualidex_new\target\surefire-reports\failure_screenshots\failure_screenshots\qualidexLibraryTest1_11_03_2022_02_41_37.png'> <img src='C:\Users\pavan.kumar\eclipse-workspace-2\QualidexLibrary2\qualidex_new\target\surefire-reports\failure_screenshots\failure_screenshots\qualidexLibraryTest1_11_03_2022_02_41_37.png' height='100' width='100'/> </a>
Validation text is : mister
Assertion Failed due to java.lang.AssertionError: match not found expected [true] but found [false]
<a href='C:\Users\pavan.kumar\eclipse-workspace-2\QualidexLibrary2\qualidex_new\target\surefire-reports\failure_screenshots\failure_screenshots\qualidexLibraryTest1_11_03_2022_02_41_37.png'> <img src='C:\Users\pavan.kumar\eclipse-workspace-2\QualidexLibrary2\qualidex_new\target\surefire-reports\failure_screenshots\failure_screenshots\qualidexLibraryTest1_11_03_2022_02_41_37.png' height='100' width='100'/> </a>]]>
  </system-out>
  <testcase classname="com.qualitestgroup.qualidexexcelutility.UnitTest" name="qualidexLibraryTest2" time="1.881">
    <failure message="Test case failed due to Multiple Assertion failures
	match not found expected [true] but found [false],
	match not found expected [true] but found [false],
	Value mister is not Present in Header 1, 117, 856.41, 67.104, &quot;ZLXSHE+Calibri&quot;, 9, 16, &quot;Header1 Header11&quot; expected [true] but found [false]" type="java.lang.AssertionError">
      <![CDATA[java.lang.AssertionError: Test case failed due to Multiple Assertion failures
match not found expected [true] but found [false],
match not found expected [true] but found [false],
Value mister is not Present in Header 1, 117, 856.41, 67.104, "ZLXSHE+Calibri", 9, 16, "Header1 Header11" expected [true] but found [false]
at com.qualitestgroup.qualidex.reports.Softassert.assertAll(Softassert.java:55)
at com.qualitestgroup.qualidexexcelutility.UnitTest.qualidexLibraryTest2(UnitTest.java:108)
at java.base/jdk.internal.reflect.NativeMethodAccessorImpl.invoke0(Native Method)
at java.base/jdk.internal.reflect.NativeMethodAccessorImpl.invoke(NativeMethodAccessorImpl.java:64)
at java.base/jdk.internal.reflect.DelegatingMethodAccessorImpl.invoke(DelegatingMethodAccessorImpl.java:43)
at java.base/java.lang.reflect.Method.invoke(Method.java:564)
at org.testng.internal.MethodInvocationHelper.invokeMethod(MethodInvocationHelper.java:133)
at org.testng.internal.TestInvoker.invokeMethod(TestInvoker.java:598)
at org.testng.internal.TestInvoker.invokeTestMethod(TestInvoker.java:173)
at org.testng.internal.MethodRunner.runInSequence(MethodRunner.java:46)
at org.testng.internal.TestInvoker$MethodInvocationAgent.invoke(TestInvoker.java:824)
at org.testng.internal.TestInvoker.invokeTestMethods(TestInvoker.java:146)
at org.testng.internal.TestMethodWorker.invokeTestMethods(TestMethodWorker.java:146)
at org.testng.internal.TestMethodWorker.run(TestMethodWorker.java:128)
at java.base/java.util.ArrayList.forEach(ArrayList.java:1511)
at org.testng.TestRunner.privateRun(TestRunner.java:794)
at org.testng.TestRunner.run(TestRunner.java:596)
at org.testng.SuiteRunner.runTest(SuiteRunner.java:377)
at org.testng.SuiteRunner.runSequentially(SuiteRunner.java:371)
at org.testng.SuiteRunner.privateRun(SuiteRunner.java:332)
at org.testng.SuiteRunner.run(SuiteRunner.java:276)
at org.testng.SuiteRunnerWorker.runSuite(SuiteRunnerWorker.java:53)
at org.testng.SuiteRunnerWorker.run(SuiteRunnerWorker.java:96)
at org.testng.TestNG.runSuitesSequentially(TestNG.java:1212)
at org.testng.TestNG.runSuitesLocally(TestNG.java:1134)
at org.testng.TestNG.runSuites(TestNG.java:1063)
at org.testng.TestNG.run(TestNG.java:1031)
at org.testng.remote.AbstractRemoteTestNG.run(AbstractRemoteTestNG.java:115)
at org.testng.remote.RemoteTestNG.initAndRun(RemoteTestNG.java:251)
at org.testng.remote.RemoteTestNG.main(RemoteTestNG.java:77)
]]>
    </failure>
  </testcase> <!-- qualidexLibraryTest2 -->
  <system-out>
    <![CDATA[Set PDF and extract content
PDF contentent extracted successfully
Set Header coordinates
Header coordinates set successfully
Check is header empty?
Header is not empty
validate content in Header
Assertion Failed due to java.lang.AssertionError: Value mister is not Present in Header 1, 117, 856.41, 67.104, "ZLXSHE+Calibri", 9, 16, "Header1 Header11" expected [true] but found [false]
<a href='C:\Users\pavan.kumar\eclipse-workspace-2\QualidexLibrary2\qualidex_new\target\surefire-reports\failure_screenshots\failure_screenshots\qualidexLibraryTest2_11_03_2022_02_41_39.png'> <img src='C:\Users\pavan.kumar\eclipse-workspace-2\QualidexLibrary2\qualidex_new\target\surefire-reports\failure_screenshots\failure_screenshots\qualidexLibraryTest2_11_03_2022_02_41_39.png' height='100' width='100'/> </a>
Head exists in Header
Set footer coordinates
footer coordinates set successfully
Check is footer empty?
Footer is not empty
validate content in footer
Footer exists in footer
<a href='C:\Users\pavan.kumar\eclipse-workspace-2\QualidexLibrary2\qualidex_new\target\surefire-reports\failure_screenshots\failure_screenshots\qualidexLibraryTest2_11_03_2022_02_41_39.png'> <img src='C:\Users\pavan.kumar\eclipse-workspace-2\QualidexLibrary2\qualidex_new\target\surefire-reports\failure_screenshots\failure_screenshots\qualidexLibraryTest2_11_03_2022_02_41_39.png' height='100' width='100'/> </a>]]>
  </system-out>
</testsuite> <!-- com.qualitestgroup.qualidexexcelutility.UnitTest -->
