<?xml version="1.0" encoding="UTF-8"?>
<!-- Generated by org.testng.reporters.JUnitReportReporter -->
<testsuite hostname="QT-INBG-LT0912" failures="1" tests="1" name="com.qualitestgroup.data_extract_demo.UnitTests" time="56.592" errors="0" timestamp="2021-12-08T14:01:21 IST" skipped="0">
  <testcase classname="com.qualitestgroup.data_extract_demo.UnitTests" name="DataCompareTest" time="56.592">
    <failure message="Test case failed due to Multiple Assertion failures
	expected [true] but found [false],
	PDF Image differs with 1.88% &amp; for reference &lt;a href=C:\Users\pavan.kumar\eclipse-workspace\DemoQualidex4\Extract_Images\file-sample_500kB_file-sample_500kB11.png&gt;link&lt;/a&gt; expected [true] but found [false],
	expected [true] but found [false],
	PDF data differs with 7.83% &amp; for reference &lt;a href=C:\Users\pavan.kumar\eclipse-workspace\DemoQualidex4\Extract_Images\FoodhabitsofUttarakhand_FoodhabitsofUttarakhandv11.png&gt;link&lt;/a&gt; expected [true] but found [false],
	expected [true] but found [false],
	PDF data differs with 7.83% &amp; for reference &lt;a href=C:\Users\pavan.kumar\eclipse-workspace\DemoQualidex4\Extract_Images\FoodhabitsofUttarakhand_NEW_FoodhabitsofUttarakhandv1NEW1.png&gt;link&lt;/a&gt; expected [true] but found [false],
	expected [true] but found [false],
	PDF Image differs with 1.24% &amp; for reference &lt;a href=C:\Users\pavan.kumar\eclipse-workspace\DemoQualidex4\Extract_Images\file-sample_test_file-sample_test11.png&gt;link&lt;/a&gt; expected [true] but found [false]" type="java.lang.AssertionError">
      <![CDATA[java.lang.AssertionError: Test case failed due to Multiple Assertion failures
expected [true] but found [false],
PDF Image differs with 1.88% & for reference <a href=C:\Users\pavan.kumar\eclipse-workspace\DemoQualidex4\Extract_Images\file-sample_500kB_file-sample_500kB11.png>link</a> expected [true] but found [false],
expected [true] but found [false],
PDF data differs with 7.83% & for reference <a href=C:\Users\pavan.kumar\eclipse-workspace\DemoQualidex4\Extract_Images\FoodhabitsofUttarakhand_FoodhabitsofUttarakhandv11.png>link</a> expected [true] but found [false],
expected [true] but found [false],
PDF data differs with 7.83% & for reference <a href=C:\Users\pavan.kumar\eclipse-workspace\DemoQualidex4\Extract_Images\FoodhabitsofUttarakhand_NEW_FoodhabitsofUttarakhandv1NEW1.png>link</a> expected [true] but found [false],
expected [true] but found [false],
PDF Image differs with 1.24% & for reference <a href=C:\Users\pavan.kumar\eclipse-workspace\DemoQualidex4\Extract_Images\file-sample_test_file-sample_test11.png>link</a> expected [true] but found [false]
at com.qualitestgroup.data_extract_demo.damoregroup.Softassert.assertAll(Softassert.java:55)
at com.qualitestgroup.data_extract_demo.UnitTests.DataCompareTest(UnitTests.java:268)
at java.base/jdk.internal.reflect.NativeMethodAccessorImpl.invoke0(Native Method)
at java.base/jdk.internal.reflect.NativeMethodAccessorImpl.invoke(NativeMethodAccessorImpl.java:62)
at java.base/jdk.internal.reflect.DelegatingMethodAccessorImpl.invoke(DelegatingMethodAccessorImpl.java:43)
at java.base/java.lang.reflect.Method.invoke(Method.java:566)
at org.testng.internal.MethodInvocationHelper.invokeMethod(MethodInvocationHelper.java:133)
at org.testng.internal.TestInvoker.invokeMethod(TestInvoker.java:598)
at org.testng.internal.TestInvoker.invokeTestMethod(TestInvoker.java:173)
at org.testng.internal.MethodRunner.runInSequence(MethodRunner.java:46)
at org.testng.internal.TestInvoker$MethodInvocationAgent.invoke(TestInvoker.java:824)
at org.testng.internal.TestInvoker.invokeTestMethods(TestInvoker.java:146)
at org.testng.internal.TestMethodWorker.invokeTestMethods(TestMethodWorker.java:146)
at org.testng.internal.TestMethodWorker.run(TestMethodWorker.java:128)
at java.base/java.util.ArrayList.forEach(ArrayList.java:1541)
at org.testng.TestRunner.privateRun(TestRunner.java:794)
at org.testng.TestRunner.run(TestRunner.java:596)
at org.testng.SuiteRunner.runTest(SuiteRunner.java:377)
at org.testng.SuiteRunner.runSequentially(SuiteRunner.java:371)
at org.testng.SuiteRunner.privateRun(SuiteRunner.java:332)
at org.testng.SuiteRunner.run(SuiteRunner.java:276)
at org.testng.SuiteRunnerWorker.runSuite(SuiteRunnerWorker.java:53)
at org.testng.SuiteRunnerWorker.run(SuiteRunnerWorker.java:96)
at org.testng.TestNG.runSuitesSequentially(TestNG.java:1212)
at org.testng.TestNG.runSuitesLocally(TestNG.java:1134)
at org.testng.TestNG.runSuites(TestNG.java:1063)
at org.testng.TestNG.run(TestNG.java:1031)
at org.testng.remote.AbstractRemoteTestNG.run(AbstractRemoteTestNG.java:115)
at org.testng.remote.RemoteTestNG.initAndRun(RemoteTestNG.java:251)
at org.testng.remote.RemoteTestNG.main(RemoteTestNG.java:77)
]]>
    </failure>
  </testcase> <!-- DataCompareTest -->
  <system-out>
    <![CDATA[Load PDF content from First file C:\Users\pavan.kumar\Downloads\file-sample_500kB.pdf
Loaded PDF content from First file C:\Users\pavan.kumar\Downloads\file-sample_500kB.pdf Successfully
Load PDF content from Second file C:\Users\pavan.kumar\Downloads\file-sample_500kB1.pdf
Loaded PDF content from Second file C:\Users\pavan.kumar\Downloads\file-sample_500kB1.pdf Successfully
Verify number of pages, Pages in Base file : 5, Pages in reference file : 5
Verified!! Number of pages are same
Compare PDF text content 
Assertion Failed due to java.lang.AssertionError: expected [true] but found [false]
<a href='C:\Users\pavan.kumar\eclipse-workspace\DemoQualidex4\target\surefire-reports\failure_screenshots\failure_screenshots\DataCompareTest_08_12_2021_02_00_26.png'> <img src='C:\Users\pavan.kumar\eclipse-workspace\DemoQualidex4\target\surefire-reports\failure_screenshots\failure_screenshots\DataCompareTest_08_12_2021_02_00_26.png' height='100' width='100'/> </a>
Compared PDF text content 
Compare pdf files after converting into images 
Assertion Failed due to java.lang.AssertionError: PDF Image differs with 1.88% & for reference <a href=C:\Users\pavan.kumar\eclipse-workspace\DemoQualidex4\Extract_Images\file-sample_500kB_file-sample_500kB11.png>link</a> expected [true] but found [false]
<a href='C:\Users\pavan.kumar\eclipse-workspace\DemoQualidex4\target\surefire-reports\failure_screenshots\failure_screenshots\DataCompareTest_08_12_2021_02_00_43.png'> <img src='C:\Users\pavan.kumar\eclipse-workspace\DemoQualidex4\target\surefire-reports\failure_screenshots\failure_screenshots\DataCompareTest_08_12_2021_02_00_43.png' height='100' width='100'/> </a>
Compared extracted image with reference image successfully 
Load PDF content from First file C:\Users\pavan.kumar\Downloads\FoodhabitsofUttarakhand.pdf
Loaded PDF content from First file C:\Users\pavan.kumar\Downloads\FoodhabitsofUttarakhand.pdf Successfully
Load PDF content from Second file C:\Users\pavan.kumar\Downloads\FoodhabitsofUttarakhandv1.pdf
Loaded PDF content from Second file C:\Users\pavan.kumar\Downloads\FoodhabitsofUttarakhandv1.pdf Successfully
Verify number of pages, Pages in Base file : 2, Pages in reference file : 2
Verified!! Number of pages are same
Compare PDF text content 
Assertion Failed due to java.lang.AssertionError: expected [true] but found [false]
<a href='C:\Users\pavan.kumar\eclipse-workspace\DemoQualidex4\target\surefire-reports\failure_screenshots\failure_screenshots\DataCompareTest_08_12_2021_02_00_44.png'> <img src='C:\Users\pavan.kumar\eclipse-workspace\DemoQualidex4\target\surefire-reports\failure_screenshots\failure_screenshots\DataCompareTest_08_12_2021_02_00_44.png' height='100' width='100'/> </a>
Compared PDF text content 
Compare pdf files after converting into images 
Assertion Failed due to java.lang.AssertionError: PDF data differs with 7.83% & for reference <a href=C:\Users\pavan.kumar\eclipse-workspace\DemoQualidex4\Extract_Images\FoodhabitsofUttarakhand_FoodhabitsofUttarakhandv11.png>link</a> expected [true] but found [false]
<a href='C:\Users\pavan.kumar\eclipse-workspace\DemoQualidex4\target\surefire-reports\failure_screenshots\failure_screenshots\DataCompareTest_08_12_2021_02_00_57.png'> <img src='C:\Users\pavan.kumar\eclipse-workspace\DemoQualidex4\target\surefire-reports\failure_screenshots\failure_screenshots\DataCompareTest_08_12_2021_02_00_57.png' height='100' width='100'/> </a>
Compared extracted image with reference image successfully 
Load PDF content from First file C:\Users\pavan.kumar\Downloads\FoodhabitsofUttarakhand_NEW.pdf
Loaded PDF content from First file C:\Users\pavan.kumar\Downloads\FoodhabitsofUttarakhand_NEW.pdf Successfully
Load PDF content from Second file C:\Users\pavan.kumar\Downloads\FoodhabitsofUttarakhandv1NEW.pdf
Loaded PDF content from Second file C:\Users\pavan.kumar\Downloads\FoodhabitsofUttarakhandv1NEW.pdf Successfully
Verify number of pages, Pages in Base file : 2, Pages in reference file : 2
Verified!! Number of pages are same
Compare PDF text content 
Assertion Failed due to java.lang.AssertionError: expected [true] but found [false]
<a href='C:\Users\pavan.kumar\eclipse-workspace\DemoQualidex4\target\surefire-reports\failure_screenshots\failure_screenshots\DataCompareTest_08_12_2021_02_00_57.png'> <img src='C:\Users\pavan.kumar\eclipse-workspace\DemoQualidex4\target\surefire-reports\failure_screenshots\failure_screenshots\DataCompareTest_08_12_2021_02_00_57.png' height='100' width='100'/> </a>
Compared PDF text content 
Compare pdf files after converting into images 
Assertion Failed due to java.lang.AssertionError: PDF data differs with 7.83% & for reference <a href=C:\Users\pavan.kumar\eclipse-workspace\DemoQualidex4\Extract_Images\FoodhabitsofUttarakhand_NEW_FoodhabitsofUttarakhandv1NEW1.png>link</a> expected [true] but found [false]
<a href='C:\Users\pavan.kumar\eclipse-workspace\DemoQualidex4\target\surefire-reports\failure_screenshots\failure_screenshots\DataCompareTest_08_12_2021_02_01_09.png'> <img src='C:\Users\pavan.kumar\eclipse-workspace\DemoQualidex4\target\surefire-reports\failure_screenshots\failure_screenshots\DataCompareTest_08_12_2021_02_01_09.png' height='100' width='100'/> </a>
Compared extracted image with reference image successfully 
Load PDF content from First file C:\SamplePdfs\file-sample_test.pdf
Loaded PDF content from First file C:\SamplePdfs\file-sample_test.pdf Successfully
Load PDF content from Second file C:\SamplePdfs\file-sample_test1.pdf
Loaded PDF content from Second file C:\SamplePdfs\file-sample_test1.pdf Successfully
Verify number of pages, Pages in Base file : 4, Pages in reference file : 4
Verified!! Number of pages are same
Compare PDF text content 
Assertion Failed due to java.lang.AssertionError: expected [true] but found [false]
<a href='C:\Users\pavan.kumar\eclipse-workspace\DemoQualidex4\target\surefire-reports\failure_screenshots\failure_screenshots\DataCompareTest_08_12_2021_02_01_09.png'> <img src='C:\Users\pavan.kumar\eclipse-workspace\DemoQualidex4\target\surefire-reports\failure_screenshots\failure_screenshots\DataCompareTest_08_12_2021_02_01_09.png' height='100' width='100'/> </a>
Compared PDF text content 
Compare pdf files after converting into images 
Assertion Failed due to java.lang.AssertionError: PDF Image differs with 1.24% & for reference <a href=C:\Users\pavan.kumar\eclipse-workspace\DemoQualidex4\Extract_Images\file-sample_test_file-sample_test11.png>link</a> expected [true] but found [false]
<a href='C:\Users\pavan.kumar\eclipse-workspace\DemoQualidex4\target\surefire-reports\failure_screenshots\failure_screenshots\DataCompareTest_08_12_2021_02_01_21.png'> <img src='C:\Users\pavan.kumar\eclipse-workspace\DemoQualidex4\target\surefire-reports\failure_screenshots\failure_screenshots\DataCompareTest_08_12_2021_02_01_21.png' height='100' width='100'/> </a>
Compared extracted image with reference image successfully 
<a href='C:\Users\pavan.kumar\eclipse-workspace\DemoQualidex4\target\surefire-reports\failure_screenshots\failure_screenshots\DataCompareTest_08_12_2021_02_01_21.png'> <img src='C:\Users\pavan.kumar\eclipse-workspace\DemoQualidex4\target\surefire-reports\failure_screenshots\failure_screenshots\DataCompareTest_08_12_2021_02_01_21.png' height='100' width='100'/> </a>]]>
  </system-out>
</testsuite> <!-- com.qualitestgroup.data_extract_demo.UnitTests -->
