<?xml version="1.0" encoding="UTF-8"?>
<!-- Generated by org.testng.reporters.JUnitReportReporter -->
<testsuite hostname="QT-INBG-LT1196" failures="2" tests="4" name="com.qualitestgroup.data_extract_demo.SamplePhotography" time="51.318" errors="0" timestamp="2021-09-08T17:58:07 IST" skipped="0">
  <testcase classname="com.qualitestgroup.data_extract_demo.SamplePhotography" name="TextChangesFile" time="5.157"/>
  <system-out>
    <![CDATA[Load PDF content from First file Photography1_image.pdf
Loaded PDF content from First file Photography1_image.pdf Successfully
Load PDF content from Second file Photography1_image.pdf
Loaded PDF content from Second file Photography1_image.pdf Successfully
Verify number of pages are same
Verified!! Number of pages are same
Fetching data from PDF files
Fetched data from PDF files
Convert First and Second PDF files data into XML format successfully
Converted First and Second PDF files data into XML format successfully
Verify PDF data Content
Verified PDF data Content
Compare extracted image with reference image
Compared extracted image with reference image successfully]]>
  </system-out>
  <testcase classname="com.qualitestgroup.data_extract_demo.SamplePhotography" name="LogoMissingFile" time="9.297">
    <failure message="Test case failed due to  PDF data differs with 13.91% &amp; for reference &lt;a href=C:\Users\hema.nc\QualiDex_Packages\qualidex_demo\qualidex_demo\Extract_Images\Photography1_image_Photography_no_image31.png&gt;link&lt;/a&gt; 
	PDF data differs with 13.91% &amp; for reference &lt;a href=C:\Users\hema.nc\QualiDex_Packages\qualidex_demo\qualidex_demo\Extract_Images\Photography1_image_Photography_no_image31.png&gt;link&lt;/a&gt; expected [true] but found [false]" type="java.lang.AssertionError">
      <![CDATA[java.lang.AssertionError: Test case failed due to  PDF data differs with 13.91% & for reference <a href=C:\Users\hema.nc\QualiDex_Packages\qualidex_demo\qualidex_demo\Extract_Images\Photography1_image_Photography_no_image31.png>link</a> 
PDF data differs with 13.91% & for reference <a href=C:\Users\hema.nc\QualiDex_Packages\qualidex_demo\qualidex_demo\Extract_Images\Photography1_image_Photography_no_image31.png>link</a> expected [true] but found [false]
at com.qualitestgroup.data_extract_demo.damoregroup.Softassert.assertAll(Softassert.java:55)
at com.qualitestgroup.data_extract_demo.SamplePhotography.compareTwoFiles(SamplePhotography.java:188)
at com.qualitestgroup.data_extract_demo.SamplePhotography.LogoMissingFile(SamplePhotography.java:257)
at java.base/jdk.internal.reflect.NativeMethodAccessorImpl.invoke0(Native Method)
at java.base/jdk.internal.reflect.NativeMethodAccessorImpl.invoke(NativeMethodAccessorImpl.java:78)
at java.base/jdk.internal.reflect.DelegatingMethodAccessorImpl.invoke(DelegatingMethodAccessorImpl.java:43)
at java.base/java.lang.reflect.Method.invoke(Method.java:567)
at org.testng.internal.MethodInvocationHelper.invokeMethod(MethodInvocationHelper.java:133)
at org.testng.internal.TestInvoker.invokeMethod(TestInvoker.java:598)
at org.testng.internal.TestInvoker.invokeTestMethod(TestInvoker.java:173)
at org.testng.internal.MethodRunner.runInSequence(MethodRunner.java:46)
at org.testng.internal.TestInvoker$MethodInvocationAgent.invoke(TestInvoker.java:824)
at org.testng.internal.TestInvoker.invokeTestMethods(TestInvoker.java:146)
at org.testng.internal.TestMethodWorker.invokeTestMethods(TestMethodWorker.java:146)
at org.testng.internal.TestMethodWorker.run(TestMethodWorker.java:128)
at java.base/java.util.ArrayList.forEach(ArrayList.java:1511)
at org.testng.TestRunner.privateRun(TestRunner.java:794)
at org.testng.TestRunner.run(TestRunner.java:596)
at org.testng.SuiteRunner.runTest(SuiteRunner.java:377)
at org.testng.SuiteRunner.runSequentially(SuiteRunner.java:371)
at org.testng.SuiteRunner.privateRun(SuiteRunner.java:332)
at org.testng.SuiteRunner.run(SuiteRunner.java:276)
at org.testng.SuiteRunnerWorker.runSuite(SuiteRunnerWorker.java:53)
at org.testng.SuiteRunnerWorker.run(SuiteRunnerWorker.java:96)
at org.testng.TestNG.runSuitesSequentially(TestNG.java:1212)
at org.testng.TestNG.runSuitesLocally(TestNG.java:1134)
at org.testng.TestNG.runSuites(TestNG.java:1063)
at org.testng.TestNG.run(TestNG.java:1031)
at org.testng.remote.AbstractRemoteTestNG.run(AbstractRemoteTestNG.java:115)
at org.testng.remote.RemoteTestNG.initAndRun(RemoteTestNG.java:251)
at org.testng.remote.RemoteTestNG.main(RemoteTestNG.java:77)
]]>
    </failure>
  </testcase> <!-- LogoMissingFile -->
  <system-out>
    <![CDATA[Load PDF content from First file Photography1_image.pdf
Loaded PDF content from First file Photography1_image.pdf Successfully
Load PDF content from Second file Photography_no_image3.pdf
Loaded PDF content from Second file Photography_no_image3.pdf Successfully
Verify number of pages are same
Verified!! Number of pages are same
Fetching data from PDF files
Fetched data from PDF files
Convert First and Second PDF files data into XML format successfully
Converted First and Second PDF files data into XML format successfully
Verify PDF data Content
Verified PDF data Content
Compare extracted image with reference image
Assertion Failed due to java.lang.AssertionError: PDF data differs with 13.91% & for reference <a href=C:\Users\hema.nc\QualiDex_Packages\qualidex_demo\qualidex_demo\Extract_Images\Photography1_image_Photography_no_image31.png>link</a> expected [true] but found [false]
<a href='C:\Users\hema.nc\QualiDex_Packages\qualidex_demo\qualidex_demo\target\surefire-reports\failure_screenshots\failure_screenshots\LogoMissingFile_08_09_2021_05_57_58.png'> <img src='C:\Users\hema.nc\QualiDex_Packages\qualidex_demo\qualidex_demo\target\surefire-reports\failure_screenshots\failure_screenshots\LogoMissingFile_08_09_2021_05_57_58.png' height='100' width='100'/> </a>
Compared extracted image with reference image successfully
<a href='C:\Users\hema.nc\QualiDex_Packages\qualidex_demo\qualidex_demo\target\surefire-reports\failure_screenshots\failure_screenshots\LogoMissingFile_08_09_2021_05_57_58.png'> <img src='C:\Users\hema.nc\QualiDex_Packages\qualidex_demo\qualidex_demo\target\surefire-reports\failure_screenshots\failure_screenshots\LogoMissingFile_08_09_2021_05_57_58.png' height='100' width='100'/> </a>]]>
  </system-out>
  <testcase classname="com.qualitestgroup.data_extract_demo.SamplePhotography" name="DynamicObjectChanges" time="27.389"/>
  <system-out>
    <![CDATA[Load PDF content from First file Dynamic1.pdf
Loaded PDF content from First file Dynamic1.pdf Successfully
Load PDF content from Second file Dynamic2.pdf
Loaded PDF content from Second file Dynamic2.pdf Successfully
Compare files after excluding date
Compared files after excluding date
Compare extracted image with reference image
Compared extracted image with reference image successfully]]>
  </system-out>
  <testcase classname="com.qualitestgroup.data_extract_demo.SamplePhotography" name="Sample" time="9.475">
    <failure message="Test case failed due to Multiple Assertion failures
	PDF data differs with 13.91% &amp; for reference &lt;a href=C:\Users\hema.nc\QualiDex_Packages\qualidex_demo\qualidex_demo\Extract_Images\Photography1_image_Photography_no_image31.png&gt;link&lt;/a&gt; expected [true] but found [false],
	Both PDFs paragraph line count differs please refer console logs to see failure in detail [&lt;/br&gt;, Difference -&gt; 1, Line number 1 has different data in both the files , First PDF Values :- real image on the light-sensitive surface,  and Second PDF Values :- real images on the light-sensitive surface, &lt;/br&gt;, Difference -&gt; 2, Line number 1 has different data in both the files , First PDF Values :- Inventor Louis Daguerre (1839) Henry Fox,  and Second PDF Values :- Inventor Louis Daguerre (1830) Henry Fox] expected [true] but found [false],
	PDF data differs with 4.96% &amp; for reference &lt;a href=C:\Users\hema.nc\QualiDex_Packages\qualidex_demo\qualidex_demo\Extract_Images\Photography1_image_Photography21.png&gt;link&lt;/a&gt; expected [true] but found [false]" type="java.lang.AssertionError">
      <![CDATA[java.lang.AssertionError: Test case failed due to Multiple Assertion failures
PDF data differs with 13.91% & for reference <a href=C:\Users\hema.nc\QualiDex_Packages\qualidex_demo\qualidex_demo\Extract_Images\Photography1_image_Photography_no_image31.png>link</a> expected [true] but found [false],
Both PDFs paragraph line count differs please refer console logs to see failure in detail [</br>, Difference -> 1, Line number 1 has different data in both the files , First PDF Values :- real image on the light-sensitive surface,  and Second PDF Values :- real images on the light-sensitive surface, </br>, Difference -> 2, Line number 1 has different data in both the files , First PDF Values :- Inventor Louis Daguerre (1839) Henry Fox,  and Second PDF Values :- Inventor Louis Daguerre (1830) Henry Fox] expected [true] but found [false],
PDF data differs with 4.96% & for reference <a href=C:\Users\hema.nc\QualiDex_Packages\qualidex_demo\qualidex_demo\Extract_Images\Photography1_image_Photography21.png>link</a> expected [true] but found [false]
at com.qualitestgroup.data_extract_demo.damoregroup.Softassert.assertAll(Softassert.java:55)
at com.qualitestgroup.data_extract_demo.SamplePhotography.compareTwoFiles(SamplePhotography.java:188)
at com.qualitestgroup.data_extract_demo.SamplePhotography.Sample(SamplePhotography.java:262)
at java.base/jdk.internal.reflect.NativeMethodAccessorImpl.invoke0(Native Method)
at java.base/jdk.internal.reflect.NativeMethodAccessorImpl.invoke(NativeMethodAccessorImpl.java:78)
at java.base/jdk.internal.reflect.DelegatingMethodAccessorImpl.invoke(DelegatingMethodAccessorImpl.java:43)
at java.base/java.lang.reflect.Method.invoke(Method.java:567)
at org.testng.internal.MethodInvocationHelper.invokeMethod(MethodInvocationHelper.java:133)
at org.testng.internal.TestInvoker.invokeMethod(TestInvoker.java:598)
at org.testng.internal.TestInvoker.invokeTestMethod(TestInvoker.java:173)
at org.testng.internal.MethodRunner.runInSequence(MethodRunner.java:46)
at org.testng.internal.TestInvoker$MethodInvocationAgent.invoke(TestInvoker.java:824)
at org.testng.internal.TestInvoker.invokeTestMethods(TestInvoker.java:146)
at org.testng.internal.TestMethodWorker.invokeTestMethods(TestMethodWorker.java:146)
at org.testng.internal.TestMethodWorker.run(TestMethodWorker.java:128)
at java.base/java.util.ArrayList.forEach(ArrayList.java:1511)
at org.testng.TestRunner.privateRun(TestRunner.java:794)
at org.testng.TestRunner.run(TestRunner.java:596)
at org.testng.SuiteRunner.runTest(SuiteRunner.java:377)
at org.testng.SuiteRunner.runSequentially(SuiteRunner.java:371)
at org.testng.SuiteRunner.privateRun(SuiteRunner.java:332)
at org.testng.SuiteRunner.run(SuiteRunner.java:276)
at org.testng.SuiteRunnerWorker.runSuite(SuiteRunnerWorker.java:53)
at org.testng.SuiteRunnerWorker.run(SuiteRunnerWorker.java:96)
at org.testng.TestNG.runSuitesSequentially(TestNG.java:1212)
at org.testng.TestNG.runSuitesLocally(TestNG.java:1134)
at org.testng.TestNG.runSuites(TestNG.java:1063)
at org.testng.TestNG.run(TestNG.java:1031)
at org.testng.remote.AbstractRemoteTestNG.run(AbstractRemoteTestNG.java:115)
at org.testng.remote.RemoteTestNG.initAndRun(RemoteTestNG.java:251)
at org.testng.remote.RemoteTestNG.main(RemoteTestNG.java:77)
]]>
    </failure>
  </testcase> <!-- Sample -->
  <system-out>
    <![CDATA[Load PDF content from First file Photography1_image.pdf
Loaded PDF content from First file Photography1_image.pdf Successfully
Load PDF content from Second file Photography2.pdf
Loaded PDF content from Second file Photography2.pdf Successfully
Verify number of pages are same
Verified!! Number of pages are same
Fetching data from PDF files
Fetched data from PDF files
Convert First and Second PDF files data into XML format successfully
Converted First and Second PDF files data into XML format successfully
Verify PDF data Content
Assertion Failed due to java.lang.AssertionError: Both PDFs paragraph line count differs please refer console logs to see failure in detail [</br>, Difference -> 1, Line number 1 has different data in both the files , First PDF Values :- real image on the light-sensitive surface,  and Second PDF Values :- real images on the light-sensitive surface, </br>, Difference -> 2, Line number 1 has different data in both the files , First PDF Values :- Inventor Louis Daguerre (1839) Henry Fox,  and Second PDF Values :- Inventor Louis Daguerre (1830) Henry Fox] expected [true] but found [false]
<a href='C:\Users\hema.nc\QualiDex_Packages\qualidex_demo\qualidex_demo\target\surefire-reports\failure_screenshots\failure_screenshots\Sample_08_09_2021_05_57_58.png'> <img src='C:\Users\hema.nc\QualiDex_Packages\qualidex_demo\qualidex_demo\target\surefire-reports\failure_screenshots\failure_screenshots\Sample_08_09_2021_05_57_58.png' height='100' width='100'/> </a>
Verified PDF data Content
Compare extracted image with reference image
Assertion Failed due to java.lang.AssertionError: PDF data differs with 4.96% & for reference <a href=C:\Users\hema.nc\QualiDex_Packages\qualidex_demo\qualidex_demo\Extract_Images\Photography1_image_Photography21.png>link</a> expected [true] but found [false]
<a href='C:\Users\hema.nc\QualiDex_Packages\qualidex_demo\qualidex_demo\target\surefire-reports\failure_screenshots\failure_screenshots\Sample_08_09_2021_05_58_07.png'> <img src='C:\Users\hema.nc\QualiDex_Packages\qualidex_demo\qualidex_demo\target\surefire-reports\failure_screenshots\failure_screenshots\Sample_08_09_2021_05_58_07.png' height='100' width='100'/> </a>
Compared extracted image with reference image successfully
<a href='C:\Users\hema.nc\QualiDex_Packages\qualidex_demo\qualidex_demo\target\surefire-reports\failure_screenshots\failure_screenshots\Sample_08_09_2021_05_58_07.png'> <img src='C:\Users\hema.nc\QualiDex_Packages\qualidex_demo\qualidex_demo\target\surefire-reports\failure_screenshots\failure_screenshots\Sample_08_09_2021_05_58_07.png' height='100' width='100'/> </a>]]>
  </system-out>
</testsuite> <!-- com.qualitestgroup.data_extract_demo.SamplePhotography -->
